<?xml version="1.0" encoding="UTF-8"?>
<!-- Generated by org.testng.reporters.JUnitReportReporter -->
<testsuite hostname="MacBookAir" failures="0" tests="1" name="com.example.framework.tests.AdminTest" time="100.557" errors="0" timestamp="2025-09-24T20:35:32 EDT" skipped="0">
  <testcase classname="com.example.framework.tests.AdminTest" name="validLoginTest" time="100.557"/>
</testsuite> <!-- com.example.framework.tests.AdminTest -->
