<?xml version="1.0" encoding="UTF-8"?>
<!-- Generated by org.testng.reporters.JUnitReportReporter -->
<testsuite hostname="MacBookAir" failures="0" tests="1" name="com.example.framework.tests.LoginTest" time="50.230" errors="0" timestamp="2025-09-17T22:11:23 EDT" skipped="0">
  <testcase classname="com.example.framework.tests.LoginTest" name="validLoginTest" time="50.230"/>
</testsuite> <!-- com.example.framework.tests.LoginTest -->
