<?xml version="1.0" encoding="UTF-8"?>
<!-- Generated by org.testng.reporters.JUnitReportReporter -->
<testsuite hostname="MacBookAir" failures="0" tests="1" name="com.example.framework.tests.PimTest" time="68.047" errors="0" timestamp="2025-09-29T21:44:53 EDT" skipped="0">
  <testcase classname="com.example.framework.tests.PimTest" name="validLoginTest" time="68.047"/>
</testsuite> <!-- com.example.framework.tests.PimTest -->
